<?xml version="1.0" encoding="UTF-8"?>
<!-- Generated by org.testng.reporters.JUnitReportReporter -->
<testsuite hostname="DESKTOP-4FDI1PV" failures="0" tests="1" name="parent.parenttask.LoginPageTest" time="8.493" errors="0" timestamp="2022-03-31T16:23:21 EET" skipped="0">
  <testcase classname="parent.parenttask.LoginPageTest" name="loginAsAdmin" time="8.493"/>
  <system-out/>
</testsuite> <!-- parent.parenttask.LoginPageTest -->
