<?xml version="1.0" encoding="UTF-8"?>
<!-- Generated by org.testng.reporters.JUnitReportReporter -->
<testsuite hostname="DESKTOP-4FDI1PV" failures="0" tests="1" name="parent.parenttask.LoginPageTest" time="0.396" errors="0" timestamp="2022-04-01T22:18:50 EET" skipped="0">
  <testcase classname="parent.parenttask.LoginPageTest" name="loginAsAdmin" time="0.396"/>
  <system-out/>
</testsuite> <!-- parent.parenttask.LoginPageTest -->
